<?xml version="1.0" encoding="UTF-8"?>
<!-- Generated by org.testng.reporters.JUnitReportReporter -->
<testsuite skipped="0" hostname="Mukesh-Singh" name="ttn.TtnTest" tests="2" failures="0" timestamp="28 Sep 2018 06:53:00 GMT" time="8.667" errors="0">
  <testcase name="openbrowser" time="4.244" classname="ttn.TtnTest"/>
  <testcase name="gotourl" time="4.423" classname="ttn.TtnTest"/>
</testsuite> <!-- ttn.TtnTest -->
