<?xml version="1.0" encoding="UTF-8"?>
<!-- Generated by org.testng.reporters.JUnitReportReporter -->
<testsuite skipped="0" hostname="H2LTP0205" name="com.basic.prac.ConfCheck" tests="1" failures="0" timestamp="07 Sep 2018 07:06:00 GMT" time="3.246" errors="0">
  <testcase name="Configuration_check" time="3.246" classname="com.basic.prac.ConfCheck"/>
</testsuite> <!-- com.basic.prac.ConfCheck -->
