<?xml version="1.0" encoding="UTF-8"?>
<!-- Generated by org.testng.reporters.JUnitReportReporter -->
<testsuite skipped="0" hostname="H2LTP0205" name="pages.AgentSign" tests="2" failures="0" timestamp="06 Sep 2018 04:59:53 GMT" time="13.480" errors="0">
  <testcase name="get_url" time="11.495" classname="pages.AgentSign"/>
  <testcase name="sign_in" time="1.985" classname="pages.AgentSign"/>
</testsuite> <!-- pages.AgentSign -->
