<?xml version="1.0" encoding="UTF-8"?>
<!-- Generated by org.testng.reporters.JUnitReportReporter -->
<testsuite skipped="0" hostname="Mukesh-Singh" name="ttn.TtnTest" tests="2" failures="0" timestamp="28 Sep 2018 06:58:59 GMT" time="9.282" errors="0">
  <testcase name="openbrowser" time="4.543" classname="ttn.TtnTest"/>
  <testcase name="gotourl" time="4.739" classname="ttn.TtnTest"/>
</testsuite> <!-- ttn.TtnTest -->
