<?xml version="1.0" encoding="UTF-8"?>
<!-- Generated by org.testng.reporters.JUnitReportReporter -->
<testsuite skipped="0" hostname="H2LTP0205" name="com.basic.prac.SignTest" tests="2" failures="0" timestamp="07 Sep 2018 07:14:49 GMT" time="17.321" errors="0">
  <testcase name="navigate_url" time="15.883" classname="com.basic.prac.SignTest"/>
  <testcase name="signin" time="1.438" classname="com.basic.prac.SignTest"/>
</testsuite> <!-- com.basic.prac.SignTest -->
