<?xml version="1.0" encoding="UTF-8"?>
<!-- Generated by org.testng.reporters.JUnitReportReporter -->
<testsuite skipped="0" hostname="Mukesh-Singh" name="ttn.TtnTest" tests="2" failures="0" timestamp="03 Oct 2018 08:43:00 GMT" time="13.024" errors="0">
  <testcase name="openbrowser" time="7.446" classname="ttn.TtnTest"/>
  <testcase name="gotourl" time="5.578" classname="ttn.TtnTest"/>
</testsuite> <!-- ttn.TtnTest -->
