<?xml version="1.0" encoding="UTF-8"?>
<!-- Generated by org.testng.reporters.JUnitReportReporter -->
<testsuite skipped="0" hostname="H2LTP0205" name="com.basic.prac.CreateProfileTest" tests="4" failures="0" timestamp="07 Sep 2018 07:14:49 GMT" time="4.856" errors="0">
  <testcase name="setup" time="0.007" classname="com.basic.prac.CreateProfileTest"/>
  <testcase name="click_create_customer" time="1.081" classname="com.basic.prac.CreateProfileTest"/>
  <testcase name="fill_create_profilepage" time="2.833" classname="com.basic.prac.CreateProfileTest"/>
  <testcase name="usps_fill" time="0.935" classname="com.basic.prac.CreateProfileTest"/>
</testsuite> <!-- com.basic.prac.CreateProfileTest -->
