<?xml version="1.0" encoding="UTF-8"?>
<!-- Generated by org.testng.reporters.JUnitReportReporter -->
<testsuite skipped="0" hostname="Mukesh-Singh" name="ttn.TtnTest" tests="2" failures="0" timestamp="01 Oct 2018 09:56:26 GMT" time="157.428" errors="0">
  <testcase name="openbrowser" time="106.603" classname="ttn.TtnTest"/>
  <testcase name="gotourl" time="50.825" classname="ttn.TtnTest"/>
</testsuite> <!-- ttn.TtnTest -->
