<?xml version="1.0" encoding="UTF-8"?>
<!-- Generated by org.testng.reporters.JUnitReportReporter -->
<testsuite skipped="0" hostname="Mukesh-Singh" name="ttn.TtnTest" tests="2" failures="0" timestamp="03 Oct 2018 09:21:18 GMT" time="9.671" errors="0">
  <testcase name="openbrowser" time="4.410" classname="ttn.TtnTest"/>
  <testcase name="gotourl" time="5.261" classname="ttn.TtnTest"/>
</testsuite> <!-- ttn.TtnTest -->
